<?xml version="1.0" encoding="UTF-8"?>
<coverage generated="1637526728031" clover="3.2.0">
  <project timestamp="1637526728032" name="All files">
    <metrics statements="157" coveredstatements="89" conditionals="111" coveredconditionals="64" methods="17" coveredmethods="10" elements="285" coveredelements="163" complexity="0" loc="157" ncloc="157" packages="4" files="6" classes="6"/>
    <package name="Ciphering-CLI-tool">
      <metrics statements="108" coveredstatements="41" conditionals="78" coveredconditionals="32" methods="10" coveredmethods="4"/>
      <file name="chipher.js" path="/Users/anastasiyastashevskaya/Desktop/node/Ciphering-CLI-tool/chipher.js">
        <metrics statements="28" coveredstatements="21" conditionals="32" coveredconditionals="18" methods="3" coveredmethods="2"/>
        <line num="22" count="2" type="stmt"/>
        <line num="24" count="2" type="stmt"/>
        <line num="25" count="4" type="cond" truecount="1" falsecount="1"/>
        <line num="28" count="4" type="stmt"/>
        <line num="30" count="4" type="cond" truecount="2" falsecount="0"/>
        <line num="31" count="3" type="cond" truecount="2" falsecount="0"/>
        <line num="33" count="3" type="cond" truecount="2" falsecount="0"/>
        <line num="34" count="1" type="stmt"/>
        <line num="35" count="1" type="stmt"/>
        <line num="38" count="2" type="cond" truecount="1" falsecount="1"/>
        <line num="39" count="2" type="cond" truecount="1" falsecount="1"/>
        <line num="41" count="2" type="cond" truecount="1" falsecount="1"/>
        <line num="42" count="2" type="cond" truecount="1" falsecount="1"/>
        <line num="44" count="2" type="cond" truecount="4" falsecount="0"/>
        <line num="45" count="1" type="stmt"/>
        <line num="46" count="1" type="stmt"/>
        <line num="49" count="1" type="cond" truecount="3" falsecount="1"/>
        <line num="50" count="1" type="stmt"/>
        <line num="51" count="1" type="stmt"/>
        <line num="54" count="0" type="cond" truecount="0" falsecount="2"/>
        <line num="58" count="0" type="cond" truecount="0" falsecount="2"/>
        <line num="62" count="0" type="cond" truecount="0" falsecount="2"/>
        <line num="64" count="0" type="stmt"/>
        <line num="65" count="0" type="cond" truecount="0" falsecount="2"/>
        <line num="66" count="0" type="stmt"/>
        <line num="67" count="0" type="stmt"/>
        <line num="71" count="1" type="stmt"/>
        <line num="72" count="1" type="stmt"/>
      </file>
      <file name="config.js" path="/Users/anastasiyastashevskaya/Desktop/node/Ciphering-CLI-tool/config.js">
        <metrics statements="23" coveredstatements="17" conditionals="17" coveredconditionals="14" methods="1" coveredmethods="1"/>
        <line num="5" count="6" type="cond" truecount="3" falsecount="1"/>
        <line num="6" count="0" type="stmt"/>
        <line num="7" count="0" type="stmt"/>
        <line num="10" count="6" type="stmt"/>
        <line num="12" count="6" type="stmt"/>
        <line num="14" count="6" type="stmt"/>
        <line num="15" count="29" type="stmt"/>
        <line num="17" count="29" type="cond" truecount="2" falsecount="0"/>
        <line num="18" count="28" type="stmt"/>
        <line num="20" count="28" type="cond" truecount="3" falsecount="1"/>
        <line num="21" count="28" type="stmt"/>
        <line num="23" count="28" type="cond" truecount="4" falsecount="1"/>
        <line num="24" count="28" type="stmt"/>
        <line num="26" count="0" type="stmt"/>
        <line num="27" count="0" type="stmt"/>
        <line num="30" count="0" type="stmt"/>
        <line num="31" count="0" type="stmt"/>
        <line num="34" count="1" type="stmt"/>
        <line num="35" count="1" type="stmt"/>
        <line num="39" count="6" type="cond" truecount="2" falsecount="0"/>
        <line num="40" count="1" type="stmt"/>
        <line num="41" count="1" type="stmt"/>
        <line num="44" count="5" type="stmt"/>
      </file>
      <file name="transform.js" path="/Users/anastasiyastashevskaya/Desktop/node/Ciphering-CLI-tool/transform.js">
        <metrics statements="57" coveredstatements="3" conditionals="29" coveredconditionals="0" methods="6" coveredmethods="1"/>
        <line num="14" count="24" type="stmt"/>
        <line num="15" count="24" type="stmt"/>
        <line num="16" count="24" type="stmt"/>
        <line num="20" count="0" type="stmt"/>
        <line num="22" count="0" type="stmt"/>
        <line num="23" count="0" type="stmt"/>
        <line num="27" count="0" type="stmt"/>
        <line num="29" count="0" type="cond" truecount="0" falsecount="4"/>
        <line num="31" count="0" type="stmt"/>
        <line num="33" count="0" type="stmt"/>
        <line num="35" count="0" type="stmt"/>
        <line num="37" count="0" type="stmt"/>
        <line num="38" count="0" type="stmt"/>
        <line num="39" count="0" type="stmt"/>
        <line num="44" count="0" type="stmt"/>
        <line num="45" count="0" type="stmt"/>
        <line num="47" count="0" type="stmt"/>
        <line num="48" count="0" type="stmt"/>
        <line num="49" count="0" type="stmt"/>
        <line num="51" count="0" type="cond" truecount="0" falsecount="2"/>
        <line num="52" count="0" type="stmt"/>
        <line num="53" count="0" type="stmt"/>
        <line num="56" count="0" type="stmt"/>
        <line num="59" count="0" type="cond" truecount="0" falsecount="2"/>
        <line num="60" count="0" type="cond" truecount="0" falsecount="2"/>
        <line num="62" count="0" type="cond" truecount="0" falsecount="2"/>
        <line num="65" count="0" type="cond" truecount="0" falsecount="2"/>
        <line num="69" count="0" type="stmt"/>
        <line num="71" count="0" type="stmt"/>
        <line num="75" count="0" type="stmt"/>
        <line num="76" count="0" type="stmt"/>
        <line num="78" count="0" type="stmt"/>
        <line num="79" count="0" type="stmt"/>
        <line num="80" count="0" type="stmt"/>
        <line num="82" count="0" type="cond" truecount="0" falsecount="2"/>
        <line num="83" count="0" type="stmt"/>
        <line num="84" count="0" type="stmt"/>
        <line num="87" count="0" type="stmt"/>
        <line num="88" count="0" type="stmt"/>
        <line num="90" count="0" type="cond" truecount="0" falsecount="2"/>
        <line num="94" count="0" type="stmt"/>
        <line num="96" count="0" type="stmt"/>
        <line num="100" count="0" type="stmt"/>
        <line num="101" count="0" type="stmt"/>
        <line num="103" count="0" type="stmt"/>
        <line num="104" count="0" type="stmt"/>
        <line num="105" count="0" type="stmt"/>
        <line num="107" count="0" type="cond" truecount="0" falsecount="2"/>
        <line num="108" count="0" type="stmt"/>
        <line num="109" count="0" type="stmt"/>
        <line num="112" count="0" type="stmt"/>
        <line num="115" count="0" type="cond" truecount="0" falsecount="2"/>
        <line num="116" count="0" type="stmt"/>
        <line num="121" count="0" type="stmt"/>
        <line num="125" count="0" type="cond" truecount="0" falsecount="2"/>
        <line num="129" count="0" type="stmt"/>
        <line num="132" count="0" type="stmt"/>
      </file>
    </package>
    <package name="Ciphering-CLI-tool.src.constants">
      <metrics statements="16" coveredstatements="16" conditionals="0" coveredconditionals="0" methods="0" coveredmethods="0"/>
      <file name="index.js" path="/Users/anastasiyastashevskaya/Desktop/node/Ciphering-CLI-tool/src/constants/index.js">
        <metrics statements="16" coveredstatements="16" conditionals="0" coveredconditionals="0" methods="0" coveredmethods="0"/>
        <line num="1" count="2" type="stmt"/>
        <line num="2" count="2" type="stmt"/>
        <line num="3" count="2" type="stmt"/>
        <line num="4" count="2" type="stmt"/>
        <line num="5" count="2" type="stmt"/>
        <line num="6" count="2" type="stmt"/>
        <line num="7" count="2" type="stmt"/>
        <line num="8" count="2" type="stmt"/>
        <line num="9" count="2" type="stmt"/>
        <line num="10" count="2" type="stmt"/>
        <line num="11" count="2" type="stmt"/>
        <line num="12" count="2" type="stmt"/>
        <line num="13" count="2" type="stmt"/>
        <line num="14" count="2" type="stmt"/>
        <line num="15" count="2" type="stmt"/>
        <line num="16" count="2" type="stmt"/>
      </file>
    </package>
    <package name="Ciphering-CLI-tool.src.streams">
      <metrics statements="7" coveredstatements="7" conditionals="0" coveredconditionals="0" methods="1" coveredmethods="1"/>
      <file name="index.js" path="/Users/anastasiyastashevskaya/Desktop/node/Ciphering-CLI-tool/src/streams/index.js">
        <metrics statements="7" coveredstatements="7" conditionals="0" coveredconditionals="0" methods="1" coveredmethods="1"/>
        <line num="4" count="2" type="stmt"/>
        <line num="5" count="3" type="stmt"/>
        <line num="7" count="3" type="stmt"/>
        <line num="8" count="24" type="stmt"/>
        <line num="9" count="24" type="stmt"/>
        <line num="10" count="24" type="stmt"/>
        <line num="13" count="3" type="stmt"/>
      </file>
    </package>
    <package name="Ciphering-CLI-tool.src.utils">
      <metrics statements="26" coveredstatements="25" conditionals="33" coveredconditionals="32" methods="6" coveredmethods="5"/>
      <file name="index.js" path="/Users/anastasiyastashevskaya/Desktop/node/Ciphering-CLI-tool/src/utils/index.js">
        <metrics statements="26" coveredstatements="25" conditionals="33" coveredconditionals="32" methods="6" coveredmethods="5"/>
        <line num="3" count="2" type="stmt"/>
        <line num="4" count="0" type="stmt"/>
        <line num="7" count="2" type="stmt"/>
        <line num="8" count="52" type="cond" truecount="4" falsecount="0"/>
        <line num="9" count="24" type="stmt"/>
        <line num="10" count="28" type="cond" truecount="4" falsecount="0"/>
        <line num="11" count="16" type="stmt"/>
        <line num="13" count="12" type="stmt"/>
        <line num="17" count="2" type="stmt"/>
        <line num="18" count="28" type="cond" truecount="2" falsecount="0"/>
        <line num="19" count="13" type="stmt"/>
        <line num="20" count="15" type="cond" truecount="4" falsecount="0"/>
        <line num="21" count="6" type="stmt"/>
        <line num="22" count="9" type="cond" truecount="1" falsecount="1"/>
        <line num="23" count="9" type="stmt"/>
        <line num="27" count="2" type="stmt"/>
        <line num="28" count="29" type="cond" truecount="5" falsecount="0"/>
        <line num="29" count="28" type="stmt"/>
        <line num="33" count="2" type="stmt"/>
        <line num="34" count="44" type="cond" truecount="2" falsecount="0"/>
        <line num="35" count="10" type="cond" truecount="2" falsecount="0"/>
        <line num="37" count="10" type="cond" truecount="6" falsecount="0"/>
        <line num="38" count="7" type="stmt"/>
        <line num="41" count="3" type="cond" truecount="2" falsecount="0"/>
        <line num="42" count="1" type="stmt"/>
        <line num="43" count="1" type="stmt"/>
      </file>
    </package>
  </project>
</coverage>
