{"/Users/anastasiyastashevskaya/Desktop/node/Ciphering-CLI-tool/chipher.js": {"path":"/Users/anastasiyastashevskaya/Desktop/node/Ciphering-CLI-tool/chipher.js","statementMap":{"0":{"start":{"line":22,"column":18},"end":{"line":22,"column":57}},"1":{"start":{"line":24,"column":18},"end":{"line":25,"column":67}},"2":{"start":{"line":25,"column":2},"end":{"line":25,"column":67}},"3":{"start":{"line":28,"column":17},"end":{"line":28,"column":61}},"4":{"start":{"line":30,"column":2},"end":{"line":73,"column":3}},"5":{"start":{"line":31,"column":22},"end":{"line":31,"column":54}},"6":{"start":{"line":33,"column":4},"end":{"line":36,"column":5}},"7":{"start":{"line":34,"column":6},"end":{"line":34,"column":39}},"8":{"start":{"line":35,"column":6},"end":{"line":35,"column":29}},"9":{"start":{"line":38,"column":18},"end":{"line":38,"column":68}},"10":{"start":{"line":39,"column":19},"end":{"line":39,"column":71}},"11":{"start":{"line":41,"column":28},"end":{"line":41,"column":59}},"12":{"start":{"line":42,"column":29},"end":{"line":42,"column":62}},"13":{"start":{"line":44,"column":4},"end":{"line":47,"column":5}},"14":{"start":{"line":45,"column":6},"end":{"line":45,"column":40}},"15":{"start":{"line":46,"column":6},"end":{"line":46,"column":29}},"16":{"start":{"line":49,"column":4},"end":{"line":52,"column":5}},"17":{"start":{"line":50,"column":6},"end":{"line":50,"column":41}},"18":{"start":{"line":51,"column":6},"end":{"line":51,"column":29}},"19":{"start":{"line":54,"column":17},"end":{"line":56,"column":21}},"20":{"start":{"line":58,"column":18},"end":{"line":60,"column":22}},"21":{"start":{"line":62,"column":32},"end":{"line":62,"column":71}},"22":{"start":{"line":64,"column":4},"end":{"line":69,"column":7}},"23":{"start":{"line":65,"column":6},"end":{"line":68,"column":7}},"24":{"start":{"line":66,"column":8},"end":{"line":66,"column":62}},"25":{"start":{"line":67,"column":8},"end":{"line":67,"column":24}},"26":{"start":{"line":71,"column":4},"end":{"line":71,"column":42}},"27":{"start":{"line":72,"column":4},"end":{"line":72,"column":20}}},"fnMap":{"0":{"name":"(anonymous_0)","decl":{"start":{"line":24,"column":18},"end":{"line":24,"column":19}},"loc":{"start":{"line":25,"column":2},"end":{"line":25,"column":67}},"line":25},"1":{"name":"ciphering_cli","decl":{"start":{"line":27,"column":9},"end":{"line":27,"column":22}},"loc":{"start":{"line":27,"column":29},"end":{"line":74,"column":1}},"line":27},"2":{"name":"(anonymous_2)","decl":{"start":{"line":64,"column":50},"end":{"line":64,"column":51}},"loc":{"start":{"line":64,"column":59},"end":{"line":69,"column":5}},"line":64}},"branchMap":{"0":{"loc":{"start":{"line":25,"column":2},"end":{"line":25,"column":67}},"type":"cond-expr","locations":[{"start":{"line":25,"column":28},"end":{"line":25,"column":57}},{"start":{"line":25,"column":60},"end":{"line":25,"column":67}}],"line":25},"1":{"loc":{"start":{"line":30,"column":2},"end":{"line":73,"column":3}},"type":"if","locations":[{"start":{"line":30,"column":2},"end":{"line":73,"column":3}},{"start":{"line":70,"column":9},"end":{"line":73,"column":3}}],"line":30},"2":{"loc":{"start":{"line":31,"column":22},"end":{"line":31,"column":54}},"type":"binary-expr","locations":[{"start":{"line":31,"column":22},"end":{"line":31,"column":46}},{"start":{"line":31,"column":50},"end":{"line":31,"column":54}}],"line":31},"3":{"loc":{"start":{"line":33,"column":4},"end":{"line":36,"column":5}},"type":"if","locations":[{"start":{"line":33,"column":4},"end":{"line":36,"column":5}},{"start":{},"end":{}}],"line":33},"4":{"loc":{"start":{"line":38,"column":18},"end":{"line":38,"column":68}},"type":"binary-expr","locations":[{"start":{"line":38,"column":18},"end":{"line":38,"column":60}},{"start":{"line":38,"column":64},"end":{"line":38,"column":68}}],"line":38},"5":{"loc":{"start":{"line":39,"column":19},"end":{"line":39,"column":71}},"type":"binary-expr","locations":[{"start":{"line":39,"column":19},"end":{"line":39,"column":63}},{"start":{"line":39,"column":67},"end":{"line":39,"column":71}}],"line":39},"6":{"loc":{"start":{"line":41,"column":28},"end":{"line":41,"column":59}},"type":"cond-expr","locations":[{"start":{"line":41,"column":36},"end":{"line":41,"column":52}},{"start":{"line":41,"column":55},"end":{"line":41,"column":59}}],"line":41},"7":{"loc":{"start":{"line":42,"column":29},"end":{"line":42,"column":62}},"type":"cond-expr","locations":[{"start":{"line":42,"column":38},"end":{"line":42,"column":55}},{"start":{"line":42,"column":58},"end":{"line":42,"column":62}}],"line":42},"8":{"loc":{"start":{"line":44,"column":4},"end":{"line":47,"column":5}},"type":"if","locations":[{"start":{"line":44,"column":4},"end":{"line":47,"column":5}},{"start":{},"end":{}}],"line":44},"9":{"loc":{"start":{"line":44,"column":8},"end":{"line":44,"column":58}},"type":"binary-expr","locations":[{"start":{"line":44,"column":8},"end":{"line":44,"column":23}},{"start":{"line":44,"column":27},"end":{"line":44,"column":58}}],"line":44},"10":{"loc":{"start":{"line":49,"column":4},"end":{"line":52,"column":5}},"type":"if","locations":[{"start":{"line":49,"column":4},"end":{"line":52,"column":5}},{"start":{},"end":{}}],"line":49},"11":{"loc":{"start":{"line":49,"column":8},"end":{"line":49,"column":60}},"type":"binary-expr","locations":[{"start":{"line":49,"column":8},"end":{"line":49,"column":24}},{"start":{"line":49,"column":28},"end":{"line":49,"column":60}}],"line":49},"12":{"loc":{"start":{"line":54,"column":17},"end":{"line":56,"column":21}},"type":"cond-expr","locations":[{"start":{"line":55,"column":8},"end":{"line":55,"column":41}},{"start":{"line":56,"column":8},"end":{"line":56,"column":21}}],"line":54},"13":{"loc":{"start":{"line":58,"column":18},"end":{"line":60,"column":22}},"type":"cond-expr","locations":[{"start":{"line":59,"column":8},"end":{"line":59,"column":43}},{"start":{"line":60,"column":8},"end":{"line":60,"column":22}}],"line":58},"14":{"loc":{"start":{"line":62,"column":32},"end":{"line":62,"column":71}},"type":"binary-expr","locations":[{"start":{"line":62,"column":32},"end":{"line":62,"column":65}},{"start":{"line":62,"column":69},"end":{"line":62,"column":71}}],"line":62},"15":{"loc":{"start":{"line":65,"column":6},"end":{"line":68,"column":7}},"type":"if","locations":[{"start":{"line":65,"column":6},"end":{"line":68,"column":7}},{"start":{},"end":{}}],"line":65}},"s":{"0":2,"1":2,"2":4,"3":4,"4":4,"5":3,"6":3,"7":1,"8":1,"9":2,"10":2,"11":2,"12":2,"13":2,"14":1,"15":1,"16":1,"17":1,"18":1,"19":0,"20":0,"21":0,"22":0,"23":0,"24":0,"25":0,"26":1,"27":1},"f":{"0":4,"1":4,"2":0},"b":{"0":[4,0],"1":[3,1],"2":[3,1],"3":[1,2],"4":[2,0],"5":[2,0],"6":[2,0],"7":[2,0],"8":[1,1],"9":[2,2],"10":[1,0],"11":[1,1],"12":[0,0],"13":[0,0],"14":[0,0],"15":[0,0]},"inputSourceMap":null,"_coverageSchema":"1a1c01bbd47fc00a2c39e90264f33305004495a9","hash":"a6978fd1214e71b58f1b27cc1dc71bb92f74fa2f"}
,"/Users/anastasiyastashevskaya/Desktop/node/Ciphering-CLI-tool/config.js": {"path":"/Users/anastasiyastashevskaya/Desktop/node/Ciphering-CLI-tool/config.js","statementMap":{"0":{"start":{"line":5,"column":2},"end":{"line":8,"column":3}},"1":{"start":{"line":6,"column":4},"end":{"line":6,"column":37}},"2":{"start":{"line":7,"column":4},"end":{"line":7,"column":27}},"3":{"start":{"line":10,"column":17},"end":{"line":10,"column":19}},"4":{"start":{"line":12,"column":22},"end":{"line":12,"column":42}},"5":{"start":{"line":14,"column":2},"end":{"line":37,"column":3}},"6":{"start":{"line":15,"column":26},"end":{"line":15,"column":43}},"7":{"start":{"line":17,"column":4},"end":{"line":36,"column":5}},"8":{"start":{"line":18,"column":25},"end":{"line":18,"column":44}},"9":{"start":{"line":20,"column":6},"end":{"line":32,"column":7}},"10":{"start":{"line":21,"column":24},"end":{"line":21,"column":41}},"11":{"start":{"line":23,"column":8},"end":{"line":28,"column":9}},"12":{"start":{"line":24,"column":10},"end":{"line":24,"column":19}},"13":{"start":{"line":26,"column":10},"end":{"line":26,"column":34}},"14":{"start":{"line":27,"column":10},"end":{"line":27,"column":16}},"15":{"start":{"line":30,"column":8},"end":{"line":30,"column":32}},"16":{"start":{"line":31,"column":8},"end":{"line":31,"column":14}},"17":{"start":{"line":34,"column":6},"end":{"line":34,"column":30}},"18":{"start":{"line":35,"column":6},"end":{"line":35,"column":12}},"19":{"start":{"line":39,"column":2},"end":{"line":42,"column":3}},"20":{"start":{"line":40,"column":4},"end":{"line":40,"column":37}},"21":{"start":{"line":41,"column":4},"end":{"line":41,"column":27}},"22":{"start":{"line":44,"column":2},"end":{"line":44,"column":21}}},"fnMap":{"0":{"name":"configValidation","decl":{"start":{"line":4,"column":24},"end":{"line":4,"column":40}},"loc":{"start":{"line":4,"column":52},"end":{"line":45,"column":1}},"line":4}},"branchMap":{"0":{"loc":{"start":{"line":5,"column":2},"end":{"line":8,"column":3}},"type":"if","locations":[{"start":{"line":5,"column":2},"end":{"line":8,"column":3}},{"start":{},"end":{}}],"line":5},"1":{"loc":{"start":{"line":5,"column":6},"end":{"line":5,"column":49}},"type":"binary-expr","locations":[{"start":{"line":5,"column":6},"end":{"line":5,"column":16}},{"start":{"line":5,"column":20},"end":{"line":5,"column":49}}],"line":5},"2":{"loc":{"start":{"line":17,"column":4},"end":{"line":36,"column":5}},"type":"if","locations":[{"start":{"line":17,"column":4},"end":{"line":36,"column":5}},{"start":{"line":33,"column":11},"end":{"line":36,"column":5}}],"line":17},"3":{"loc":{"start":{"line":20,"column":6},"end":{"line":32,"column":7}},"type":"if","locations":[{"start":{"line":20,"column":6},"end":{"line":32,"column":7}},{"start":{"line":29,"column":13},"end":{"line":32,"column":7}}],"line":20},"4":{"loc":{"start":{"line":20,"column":10},"end":{"line":20,"column":57}},"type":"binary-expr","locations":[{"start":{"line":20,"column":10},"end":{"line":20,"column":41}},{"start":{"line":20,"column":45},"end":{"line":20,"column":57}}],"line":20},"5":{"loc":{"start":{"line":23,"column":8},"end":{"line":28,"column":9}},"type":"if","locations":[{"start":{"line":23,"column":8},"end":{"line":28,"column":9}},{"start":{"line":25,"column":15},"end":{"line":28,"column":9}}],"line":23},"6":{"loc":{"start":{"line":23,"column":12},"end":{"line":23,"column":71}},"type":"binary-expr","locations":[{"start":{"line":23,"column":12},"end":{"line":23,"column":30}},{"start":{"line":23,"column":34},"end":{"line":23,"column":52}},{"start":{"line":23,"column":56},"end":{"line":23,"column":71}}],"line":23},"7":{"loc":{"start":{"line":39,"column":2},"end":{"line":42,"column":3}},"type":"if","locations":[{"start":{"line":39,"column":2},"end":{"line":42,"column":3}},{"start":{},"end":{}}],"line":39}},"s":{"0":6,"1":0,"2":0,"3":6,"4":6,"5":6,"6":29,"7":29,"8":28,"9":28,"10":28,"11":28,"12":28,"13":0,"14":0,"15":0,"16":0,"17":1,"18":1,"19":6,"20":1,"21":1,"22":5},"f":{"0":6},"b":{"0":[0,6],"1":[6,6],"2":[28,1],"3":[28,0],"4":[28,6],"5":[28,0],"6":[28,15,9],"7":[1,5]},"inputSourceMap":null,"_coverageSchema":"1a1c01bbd47fc00a2c39e90264f33305004495a9","hash":"6ae22343fc6d95e744ecbbd82226c7bb76a2b84f"}
,"/Users/anastasiyastashevskaya/Desktop/node/Ciphering-CLI-tool/transform.js": {"path":"/Users/anastasiyastashevskaya/Desktop/node/Ciphering-CLI-tool/transform.js","statementMap":{"0":{"start":{"line":14,"column":4},"end":{"line":14,"column":12}},"1":{"start":{"line":15,"column":4},"end":{"line":15,"column":21}},"2":{"start":{"line":16,"column":4},"end":{"line":16,"column":29}},"3":{"start":{"line":20,"column":27},"end":{"line":20,"column":58}},"4":{"start":{"line":22,"column":4},"end":{"line":22,"column":30}},"5":{"start":{"line":23,"column":4},"end":{"line":23,"column":15}},"6":{"start":{"line":27,"column":4},"end":{"line":27,"column":42}},"7":{"start":{"line":29,"column":4},"end":{"line":40,"column":5}},"8":{"start":{"line":31,"column":8},"end":{"line":31,"column":50}},"9":{"start":{"line":33,"column":8},"end":{"line":33,"column":35}},"10":{"start":{"line":35,"column":8},"end":{"line":35,"column":47}},"11":{"start":{"line":37,"column":8},"end":{"line":37,"column":62}},"12":{"start":{"line":38,"column":8},"end":{"line":38,"column":24}},"13":{"start":{"line":39,"column":8},"end":{"line":39,"column":14}},"14":{"start":{"line":44,"column":17},"end":{"line":44,"column":19}},"15":{"start":{"line":45,"column":28},"end":{"line":45,"column":44}},"16":{"start":{"line":47,"column":4},"end":{"line":70,"column":5}},"17":{"start":{"line":48,"column":32},"end":{"line":48,"column":51}},"18":{"start":{"line":49,"column":23},"end":{"line":49,"column":62}},"19":{"start":{"line":51,"column":6},"end":{"line":54,"column":7}},"20":{"start":{"line":52,"column":8},"end":{"line":52,"column":25}},"21":{"start":{"line":53,"column":8},"end":{"line":53,"column":17}},"22":{"start":{"line":56,"column":24},"end":{"line":56,"column":62}},"23":{"start":{"line":59,"column":6},"end":{"line":63,"column":7}},"24":{"start":{"line":60,"column":8},"end":{"line":60,"column":77}},"25":{"start":{"line":62,"column":8},"end":{"line":62,"column":79}},"26":{"start":{"line":65,"column":24},"end":{"line":67,"column":46}},"27":{"start":{"line":69,"column":6},"end":{"line":69,"column":26}},"28":{"start":{"line":71,"column":4},"end":{"line":71,"column":18}},"29":{"start":{"line":75,"column":17},"end":{"line":75,"column":19}},"30":{"start":{"line":76,"column":28},"end":{"line":76,"column":44}},"31":{"start":{"line":78,"column":4},"end":{"line":95,"column":5}},"32":{"start":{"line":79,"column":32},"end":{"line":79,"column":51}},"33":{"start":{"line":80,"column":23},"end":{"line":80,"column":62}},"34":{"start":{"line":82,"column":6},"end":{"line":85,"column":7}},"35":{"start":{"line":83,"column":8},"end":{"line":83,"column":25}},"36":{"start":{"line":84,"column":8},"end":{"line":84,"column":17}},"37":{"start":{"line":87,"column":24},"end":{"line":87,"column":62}},"38":{"start":{"line":88,"column":27},"end":{"line":88,"column":68}},"39":{"start":{"line":90,"column":24},"end":{"line":92,"column":46}},"40":{"start":{"line":94,"column":6},"end":{"line":94,"column":26}},"41":{"start":{"line":96,"column":4},"end":{"line":96,"column":18}},"42":{"start":{"line":100,"column":17},"end":{"line":100,"column":19}},"43":{"start":{"line":101,"column":28},"end":{"line":101,"column":44}},"44":{"start":{"line":103,"column":4},"end":{"line":130,"column":5}},"45":{"start":{"line":104,"column":32},"end":{"line":104,"column":51}},"46":{"start":{"line":105,"column":23},"end":{"line":105,"column":62}},"47":{"start":{"line":107,"column":6},"end":{"line":110,"column":7}},"48":{"start":{"line":108,"column":8},"end":{"line":108,"column":25}},"49":{"start":{"line":109,"column":8},"end":{"line":109,"column":17}},"50":{"start":{"line":112,"column":24},"end":{"line":112,"column":62}},"51":{"start":{"line":115,"column":6},"end":{"line":123,"column":7}},"52":{"start":{"line":116,"column":8},"end":{"line":119,"column":28}},"53":{"start":{"line":121,"column":8},"end":{"line":122,"column":80}},"54":{"start":{"line":125,"column":24},"end":{"line":127,"column":46}},"55":{"start":{"line":129,"column":6},"end":{"line":129,"column":26}},"56":{"start":{"line":132,"column":4},"end":{"line":132,"column":18}}},"fnMap":{"0":{"name":"(anonymous_0)","decl":{"start":{"line":13,"column":2},"end":{"line":13,"column":3}},"loc":{"start":{"line":13,"column":30},"end":{"line":17,"column":3}},"line":13},"1":{"name":"(anonymous_1)","decl":{"start":{"line":19,"column":2},"end":{"line":19,"column":3}},"loc":{"start":{"line":19,"column":40},"end":{"line":24,"column":3}},"line":19},"2":{"name":"(anonymous_2)","decl":{"start":{"line":26,"column":2},"end":{"line":26,"column":3}},"loc":{"start":{"line":26,"column":19},"end":{"line":41,"column":3}},"line":26},"3":{"name":"(anonymous_3)","decl":{"start":{"line":43,"column":2},"end":{"line":43,"column":3}},"loc":{"start":{"line":43,"column":27},"end":{"line":72,"column":3}},"line":43},"4":{"name":"(anonymous_4)","decl":{"start":{"line":74,"column":2},"end":{"line":74,"column":3}},"loc":{"start":{"line":74,"column":17},"end":{"line":97,"column":3}},"line":74},"5":{"name":"(anonymous_5)","decl":{"start":{"line":99,"column":2},"end":{"line":99,"column":3}},"loc":{"start":{"line":99,"column":31},"end":{"line":133,"column":3}},"line":99}},"branchMap":{"0":{"loc":{"start":{"line":29,"column":4},"end":{"line":40,"column":5}},"type":"switch","locations":[{"start":{"line":30,"column":6},"end":{"line":31,"column":50}},{"start":{"line":32,"column":6},"end":{"line":33,"column":35}},{"start":{"line":34,"column":6},"end":{"line":35,"column":47}},{"start":{"line":36,"column":6},"end":{"line":39,"column":14}}],"line":29},"1":{"loc":{"start":{"line":51,"column":6},"end":{"line":54,"column":7}},"type":"if","locations":[{"start":{"line":51,"column":6},"end":{"line":54,"column":7}},{"start":{},"end":{}}],"line":51},"2":{"loc":{"start":{"line":59,"column":6},"end":{"line":63,"column":7}},"type":"if","locations":[{"start":{"line":59,"column":6},"end":{"line":63,"column":7}},{"start":{"line":61,"column":13},"end":{"line":63,"column":7}}],"line":59},"3":{"loc":{"start":{"line":60,"column":23},"end":{"line":60,"column":76}},"type":"cond-expr","locations":[{"start":{"line":60,"column":59},"end":{"line":60,"column":60}},{"start":{"line":60,"column":63},"end":{"line":60,"column":76}}],"line":60},"4":{"loc":{"start":{"line":62,"column":23},"end":{"line":62,"column":78}},"type":"cond-expr","locations":[{"start":{"line":62,"column":43},"end":{"line":62,"column":62}},{"start":{"line":62,"column":65},"end":{"line":62,"column":78}}],"line":62},"5":{"loc":{"start":{"line":65,"column":24},"end":{"line":67,"column":46}},"type":"cond-expr","locations":[{"start":{"line":66,"column":10},"end":{"line":66,"column":46}},{"start":{"line":67,"column":10},"end":{"line":67,"column":46}}],"line":65},"6":{"loc":{"start":{"line":82,"column":6},"end":{"line":85,"column":7}},"type":"if","locations":[{"start":{"line":82,"column":6},"end":{"line":85,"column":7}},{"start":{},"end":{}}],"line":82},"7":{"loc":{"start":{"line":90,"column":24},"end":{"line":92,"column":46}},"type":"cond-expr","locations":[{"start":{"line":91,"column":10},"end":{"line":91,"column":46}},{"start":{"line":92,"column":10},"end":{"line":92,"column":46}}],"line":90},"8":{"loc":{"start":{"line":99,"column":14},"end":{"line":99,"column":29}},"type":"default-arg","locations":[{"start":{"line":99,"column":25},"end":{"line":99,"column":29}}],"line":99},"9":{"loc":{"start":{"line":107,"column":6},"end":{"line":110,"column":7}},"type":"if","locations":[{"start":{"line":107,"column":6},"end":{"line":110,"column":7}},{"start":{},"end":{}}],"line":107},"10":{"loc":{"start":{"line":115,"column":6},"end":{"line":123,"column":7}},"type":"if","locations":[{"start":{"line":115,"column":6},"end":{"line":123,"column":7}},{"start":{"line":120,"column":13},"end":{"line":123,"column":7}}],"line":115},"11":{"loc":{"start":{"line":117,"column":10},"end":{"line":119,"column":27}},"type":"cond-expr","locations":[{"start":{"line":118,"column":14},"end":{"line":118,"column":47}},{"start":{"line":119,"column":14},"end":{"line":119,"column":27}}],"line":117},"12":{"loc":{"start":{"line":122,"column":10},"end":{"line":122,"column":79}},"type":"cond-expr","locations":[{"start":{"line":122,"column":30},"end":{"line":122,"column":63}},{"start":{"line":122,"column":66},"end":{"line":122,"column":79}}],"line":122},"13":{"loc":{"start":{"line":125,"column":24},"end":{"line":127,"column":46}},"type":"cond-expr","locations":[{"start":{"line":126,"column":10},"end":{"line":126,"column":46}},{"start":{"line":127,"column":10},"end":{"line":127,"column":46}}],"line":125}},"s":{"0":24,"1":24,"2":24,"3":0,"4":0,"5":0,"6":0,"7":0,"8":0,"9":0,"10":0,"11":0,"12":0,"13":0,"14":0,"15":0,"16":0,"17":0,"18":0,"19":0,"20":0,"21":0,"22":0,"23":0,"24":0,"25":0,"26":0,"27":0,"28":0,"29":0,"30":0,"31":0,"32":0,"33":0,"34":0,"35":0,"36":0,"37":0,"38":0,"39":0,"40":0,"41":0,"42":0,"43":0,"44":0,"45":0,"46":0,"47":0,"48":0,"49":0,"50":0,"51":0,"52":0,"53":0,"54":0,"55":0,"56":0},"f":{"0":24,"1":0,"2":0,"3":0,"4":0,"5":0},"b":{"0":[0,0,0,0],"1":[0,0],"2":[0,0],"3":[0,0],"4":[0,0],"5":[0,0],"6":[0,0],"7":[0,0],"8":[0],"9":[0,0],"10":[0,0],"11":[0,0],"12":[0,0],"13":[0,0]},"inputSourceMap":null,"_coverageSchema":"1a1c01bbd47fc00a2c39e90264f33305004495a9","hash":"902af383f82526f1f1ffa0d433c18853a69d45c5"}
,"/Users/anastasiyastashevskaya/Desktop/node/Ciphering-CLI-tool/src/constants/index.js": {"path":"/Users/anastasiyastashevskaya/Desktop/node/Ciphering-CLI-tool/src/constants/index.js","statementMap":{"0":{"start":{"line":1,"column":19},"end":{"line":1,"column":40}},"1":{"start":{"line":2,"column":15},"end":{"line":2,"column":23}},"2":{"start":{"line":3,"column":12},"end":{"line":3,"column":19}},"3":{"start":{"line":4,"column":15},"end":{"line":4,"column":23}},"4":{"start":{"line":5,"column":24},"end":{"line":5,"column":28}},"5":{"start":{"line":6,"column":23},"end":{"line":6,"column":27}},"6":{"start":{"line":7,"column":24},"end":{"line":7,"column":28}},"7":{"start":{"line":8,"column":19},"end":{"line":8,"column":28}},"8":{"start":{"line":9,"column":20},"end":{"line":9,"column":30}},"9":{"start":{"line":10,"column":20},"end":{"line":10,"column":30}},"10":{"start":{"line":11,"column":23},"end":{"line":11,"column":51}},"11":{"start":{"line":12,"column":17},"end":{"line":12,"column":41}},"12":{"start":{"line":13,"column":24},"end":{"line":13,"column":57}},"13":{"start":{"line":14,"column":24},"end":{"line":14,"column":44}},"14":{"start":{"line":15,"column":20},"end":{"line":15,"column":47}},"15":{"start":{"line":16,"column":21},"end":{"line":16,"column":49}}},"fnMap":{},"branchMap":{},"s":{"0":2,"1":2,"2":2,"3":2,"4":2,"5":2,"6":2,"7":2,"8":2,"9":2,"10":2,"11":2,"12":2,"13":2,"14":2,"15":2},"f":{},"b":{},"inputSourceMap":null,"_coverageSchema":"1a1c01bbd47fc00a2c39e90264f33305004495a9","hash":"a113fa55096ac5d49c3aaa35d62adb04a17c28c8"}
,"/Users/anastasiyastashevskaya/Desktop/node/Ciphering-CLI-tool/src/streams/index.js": {"path":"/Users/anastasiyastashevskaya/Desktop/node/Ciphering-CLI-tool/src/streams/index.js","statementMap":{"0":{"start":{"line":4,"column":31},"end":{"line":14,"column":1}},"1":{"start":{"line":5,"column":30},"end":{"line":5,"column":32}},"2":{"start":{"line":7,"column":2},"end":{"line":11,"column":3}},"3":{"start":{"line":8,"column":23},"end":{"line":8,"column":42}},"4":{"start":{"line":9,"column":25},"end":{"line":9,"column":58}},"5":{"start":{"line":10,"column":4},"end":{"line":10,"column":43}},"6":{"start":{"line":13,"column":2},"end":{"line":13,"column":29}}},"fnMap":{"0":{"name":"(anonymous_0)","decl":{"start":{"line":4,"column":31},"end":{"line":4,"column":32}},"loc":{"start":{"line":4,"column":43},"end":{"line":14,"column":1}},"line":4}},"branchMap":{},"s":{"0":2,"1":3,"2":3,"3":24,"4":24,"5":24,"6":3},"f":{"0":3},"b":{},"inputSourceMap":null,"_coverageSchema":"1a1c01bbd47fc00a2c39e90264f33305004495a9","hash":"85604cabe01f456f9ddf089e72838deb94cbeda6"}
,"/Users/anastasiyastashevskaya/Desktop/node/Ciphering-CLI-tool/src/utils/index.js": {"path":"/Users/anastasiyastashevskaya/Desktop/node/Ciphering-CLI-tool/src/utils/index.js","statementMap":{"0":{"start":{"line":3,"column":20},"end":{"line":5,"column":1}},"1":{"start":{"line":4,"column":2},"end":{"line":4,"column":30}},"2":{"start":{"line":7,"column":22},"end":{"line":15,"column":1}},"3":{"start":{"line":8,"column":2},"end":{"line":14,"column":3}},"4":{"start":{"line":9,"column":4},"end":{"line":9,"column":16}},"5":{"start":{"line":10,"column":9},"end":{"line":14,"column":3}},"6":{"start":{"line":11,"column":4},"end":{"line":11,"column":17}},"7":{"start":{"line":13,"column":4},"end":{"line":13,"column":11}},"8":{"start":{"line":17,"column":20},"end":{"line":25,"column":1}},"9":{"start":{"line":18,"column":2},"end":{"line":24,"column":3}},"10":{"start":{"line":19,"column":4},"end":{"line":19,"column":20}},"11":{"start":{"line":20,"column":9},"end":{"line":24,"column":3}},"12":{"start":{"line":21,"column":4},"end":{"line":21,"column":20}},"13":{"start":{"line":22,"column":9},"end":{"line":24,"column":3}},"14":{"start":{"line":23,"column":4},"end":{"line":23,"column":19}},"15":{"start":{"line":27,"column":20},"end":{"line":31,"column":1}},"16":{"start":{"line":28,"column":2},"end":{"line":30,"column":3}},"17":{"start":{"line":29,"column":4},"end":{"line":29,"column":16}},"18":{"start":{"line":33,"column":17},"end":{"line":45,"column":1}},"19":{"start":{"line":34,"column":23},"end":{"line":34,"column":72}},"20":{"start":{"line":34,"column":43},"end":{"line":34,"column":71}},"21":{"start":{"line":35,"column":18},"end":{"line":35,"column":72}},"22":{"start":{"line":37,"column":2},"end":{"line":39,"column":3}},"23":{"start":{"line":38,"column":4},"end":{"line":38,"column":29}},"24":{"start":{"line":41,"column":2},"end":{"line":44,"column":3}},"25":{"start":{"line":42,"column":4},"end":{"line":42,"column":42}},"26":{"start":{"line":43,"column":4},"end":{"line":43,"column":20}}},"fnMap":{"0":{"name":"(anonymous_0)","decl":{"start":{"line":3,"column":20},"end":{"line":3,"column":21}},"loc":{"start":{"line":3,"column":32},"end":{"line":5,"column":1}},"line":3},"1":{"name":"(anonymous_1)","decl":{"start":{"line":7,"column":22},"end":{"line":7,"column":23}},"loc":{"start":{"line":7,"column":34},"end":{"line":15,"column":1}},"line":7},"2":{"name":"(anonymous_2)","decl":{"start":{"line":17,"column":20},"end":{"line":17,"column":21}},"loc":{"start":{"line":17,"column":32},"end":{"line":25,"column":1}},"line":17},"3":{"name":"(anonymous_3)","decl":{"start":{"line":27,"column":20},"end":{"line":27,"column":21}},"loc":{"start":{"line":27,"column":32},"end":{"line":31,"column":1}},"line":27},"4":{"name":"(anonymous_4)","decl":{"start":{"line":33,"column":17},"end":{"line":33,"column":18}},"loc":{"start":{"line":33,"column":41},"end":{"line":45,"column":1}},"line":33},"5":{"name":"(anonymous_5)","decl":{"start":{"line":34,"column":35},"end":{"line":34,"column":36}},"loc":{"start":{"line":34,"column":43},"end":{"line":34,"column":71}},"line":34}},"branchMap":{"0":{"loc":{"start":{"line":8,"column":2},"end":{"line":14,"column":3}},"type":"if","locations":[{"start":{"line":8,"column":2},"end":{"line":14,"column":3}},{"start":{"line":10,"column":9},"end":{"line":14,"column":3}}],"line":8},"1":{"loc":{"start":{"line":8,"column":6},"end":{"line":8,"column":49}},"type":"binary-expr","locations":[{"start":{"line":8,"column":6},"end":{"line":8,"column":26}},{"start":{"line":8,"column":30},"end":{"line":8,"column":49}}],"line":8},"2":{"loc":{"start":{"line":10,"column":9},"end":{"line":14,"column":3}},"type":"if","locations":[{"start":{"line":10,"column":9},"end":{"line":14,"column":3}},{"start":{"line":12,"column":9},"end":{"line":14,"column":3}}],"line":10},"3":{"loc":{"start":{"line":10,"column":13},"end":{"line":10,"column":56}},"type":"binary-expr","locations":[{"start":{"line":10,"column":13},"end":{"line":10,"column":33}},{"start":{"line":10,"column":37},"end":{"line":10,"column":56}}],"line":10},"4":{"loc":{"start":{"line":18,"column":2},"end":{"line":24,"column":3}},"type":"if","locations":[{"start":{"line":18,"column":2},"end":{"line":24,"column":3}},{"start":{"line":20,"column":9},"end":{"line":24,"column":3}}],"line":18},"5":{"loc":{"start":{"line":20,"column":9},"end":{"line":24,"column":3}},"type":"if","locations":[{"start":{"line":20,"column":9},"end":{"line":24,"column":3}},{"start":{"line":22,"column":9},"end":{"line":24,"column":3}}],"line":20},"6":{"loc":{"start":{"line":20,"column":13},"end":{"line":20,"column":58}},"type":"binary-expr","locations":[{"start":{"line":20,"column":13},"end":{"line":20,"column":35}},{"start":{"line":20,"column":39},"end":{"line":20,"column":58}}],"line":20},"7":{"loc":{"start":{"line":22,"column":9},"end":{"line":24,"column":3}},"type":"if","locations":[{"start":{"line":22,"column":9},"end":{"line":24,"column":3}},{"start":{},"end":{}}],"line":22},"8":{"loc":{"start":{"line":28,"column":2},"end":{"line":30,"column":3}},"type":"if","locations":[{"start":{"line":28,"column":2},"end":{"line":30,"column":3}},{"start":{},"end":{}}],"line":28},"9":{"loc":{"start":{"line":28,"column":6},"end":{"line":28,"column":68}},"type":"binary-expr","locations":[{"start":{"line":28,"column":6},"end":{"line":28,"column":25}},{"start":{"line":28,"column":30},"end":{"line":28,"column":49}},{"start":{"line":28,"column":53},"end":{"line":28,"column":67}}],"line":28},"10":{"loc":{"start":{"line":34,"column":43},"end":{"line":34,"column":71}},"type":"binary-expr","locations":[{"start":{"line":34,"column":43},"end":{"line":34,"column":55}},{"start":{"line":34,"column":59},"end":{"line":34,"column":71}}],"line":34},"11":{"loc":{"start":{"line":35,"column":18},"end":{"line":35,"column":72}},"type":"cond-expr","locations":[{"start":{"line":35,"column":36},"end":{"line":35,"column":65}},{"start":{"line":35,"column":68},"end":{"line":35,"column":72}}],"line":35},"12":{"loc":{"start":{"line":37,"column":2},"end":{"line":39,"column":3}},"type":"if","locations":[{"start":{"line":37,"column":2},"end":{"line":39,"column":3}},{"start":{},"end":{}}],"line":37},"13":{"loc":{"start":{"line":37,"column":6},"end":{"line":37,"column":65}},"type":"binary-expr","locations":[{"start":{"line":37,"column":6},"end":{"line":37,"column":36}},{"start":{"line":37,"column":40},"end":{"line":37,"column":65}}],"line":37},"14":{"loc":{"start":{"line":37,"column":13},"end":{"line":37,"column":35}},"type":"binary-expr","locations":[{"start":{"line":37,"column":13},"end":{"line":37,"column":20}},{"start":{"line":37,"column":24},"end":{"line":37,"column":35}}],"line":37},"15":{"loc":{"start":{"line":41,"column":2},"end":{"line":44,"column":3}},"type":"if","locations":[{"start":{"line":41,"column":2},"end":{"line":44,"column":3}},{"start":{},"end":{}}],"line":41}},"s":{"0":2,"1":0,"2":2,"3":52,"4":24,"5":28,"6":16,"7":12,"8":2,"9":28,"10":13,"11":15,"12":6,"13":9,"14":9,"15":2,"16":29,"17":28,"18":2,"19":10,"20":44,"21":10,"22":10,"23":7,"24":3,"25":1,"26":1},"f":{"0":0,"1":52,"2":28,"3":29,"4":10,"5":44},"b":{"0":[24,28],"1":[52,24],"2":[16,12],"3":[28,16],"4":[13,15],"5":[6,9],"6":[15,6],"7":[9,0],"8":[28,1],"9":[29,7,7],"10":[44,35],"11":[8,2],"12":[7,3],"13":[10,8],"14":[10,4],"15":[1,2]},"inputSourceMap":null,"_coverageSchema":"1a1c01bbd47fc00a2c39e90264f33305004495a9","hash":"51ca409023efc92472feb1b00884d85a0d99b594"}
}
