TN:
SF:src/constants/index.js
FNF:0
FNH:0
DA:1,1
DA:2,1
DA:3,1
DA:4,1
DA:5,1
DA:6,1
DA:7,1
DA:8,1
DA:9,1
DA:10,1
DA:11,1
DA:12,1
LF:12
LH:12
BRF:0
BRH:0
end_of_record
TN:
SF:src/utils/index.js
FN:1,(anonymous_0)
FN:5,(anonymous_1)
FN:15,(anonymous_2)
FN:25,(anonymous_3)
FN:31,(anonymous_4)
FN:32,(anonymous_5)
FNF:6
FNH:2
FNDA:0,(anonymous_0)
FNDA:0,(anonymous_1)
FNDA:0,(anonymous_2)
FNDA:0,(anonymous_3)
FNDA:2,(anonymous_4)
FNDA:2,(anonymous_5)
DA:1,1
DA:2,0
DA:5,1
DA:6,0
DA:7,0
DA:8,0
DA:9,0
DA:11,0
DA:15,1
DA:16,0
DA:17,0
DA:18,0
DA:19,0
DA:20,0
DA:21,0
DA:25,1
DA:26,0
DA:27,0
DA:31,1
DA:32,2
DA:33,2
DA:35,2
DA:36,0
DA:39,2
DA:40,1
DA:41,1
LF:26
LH:11
BRDA:6,0,0,0
BRDA:6,0,1,0
BRDA:6,1,0,0
BRDA:6,1,1,0
BRDA:8,2,0,0
BRDA:8,2,1,0
BRDA:8,3,0,0
BRDA:8,3,1,0
BRDA:16,4,0,0
BRDA:16,4,1,0
BRDA:18,5,0,0
BRDA:18,5,1,0
BRDA:18,6,0,0
BRDA:18,6,1,0
BRDA:20,7,0,0
BRDA:20,7,1,0
BRDA:26,8,0,0
BRDA:26,8,1,0
BRDA:26,9,0,0
BRDA:26,9,1,0
BRDA:26,9,2,0
BRDA:32,10,0,2
BRDA:32,10,1,0
BRDA:33,11,0,1
BRDA:33,11,1,1
BRDA:35,12,0,0
BRDA:35,12,1,2
BRDA:35,13,0,2
BRDA:35,13,1,1
BRDA:35,14,0,2
BRDA:35,14,1,0
BRDA:39,15,0,1
BRDA:39,15,1,1
BRF:33
BRH:9
end_of_record
