TN:
SF:chipher.js
FN:24,(anonymous_0)
FN:27,ciphering_cli
FN:64,(anonymous_2)
FNF:3
FNH:2
FNDA:4,(anonymous_0)
FNDA:4,ciphering_cli
FNDA:0,(anonymous_2)
DA:22,2
DA:24,2
DA:25,4
DA:28,4
DA:30,4
DA:31,3
DA:33,3
DA:34,1
DA:35,1
DA:38,2
DA:39,2
DA:41,2
DA:42,2
DA:44,2
DA:45,1
DA:46,1
DA:49,1
DA:50,1
DA:51,1
DA:54,0
DA:58,0
DA:62,0
DA:64,0
DA:65,0
DA:66,0
DA:67,0
DA:71,1
DA:72,1
LF:28
LH:21
BRDA:25,0,0,4
BRDA:25,0,1,0
BRDA:30,1,0,3
BRDA:30,1,1,1
BRDA:31,2,0,3
BRDA:31,2,1,1
BRDA:33,3,0,1
BRDA:33,3,1,2
BRDA:38,4,0,2
BRDA:38,4,1,0
BRDA:39,5,0,2
BRDA:39,5,1,0
BRDA:41,6,0,2
BRDA:41,6,1,0
BRDA:42,7,0,2
BRDA:42,7,1,0
BRDA:44,8,0,1
BRDA:44,8,1,1
BRDA:44,9,0,2
BRDA:44,9,1,2
BRDA:49,10,0,1
BRDA:49,10,1,0
BRDA:49,11,0,1
BRDA:49,11,1,1
BRDA:54,12,0,0
BRDA:54,12,1,0
BRDA:58,13,0,0
BRDA:58,13,1,0
BRDA:62,14,0,0
BRDA:62,14,1,0
BRDA:65,15,0,0
BRDA:65,15,1,0
BRF:32
BRH:18
end_of_record
TN:
SF:config.js
FN:4,configValidation
FNF:1
FNH:1
FNDA:6,configValidation
DA:5,6
DA:6,0
DA:7,0
DA:10,6
DA:12,6
DA:14,6
DA:15,29
DA:17,29
DA:18,28
DA:20,28
DA:21,28
DA:23,28
DA:24,28
DA:26,0
DA:27,0
DA:30,0
DA:31,0
DA:34,1
DA:35,1
DA:39,6
DA:40,1
DA:41,1
DA:44,5
LF:23
LH:17
BRDA:5,0,0,0
BRDA:5,0,1,6
BRDA:5,1,0,6
BRDA:5,1,1,6
BRDA:17,2,0,28
BRDA:17,2,1,1
BRDA:20,3,0,28
BRDA:20,3,1,0
BRDA:20,4,0,28
BRDA:20,4,1,6
BRDA:23,5,0,28
BRDA:23,5,1,0
BRDA:23,6,0,28
BRDA:23,6,1,15
BRDA:23,6,2,9
BRDA:39,7,0,1
BRDA:39,7,1,5
BRF:17
BRH:14
end_of_record
TN:
SF:transform.js
FN:13,(anonymous_0)
FN:19,(anonymous_1)
FN:26,(anonymous_2)
FN:43,(anonymous_3)
FN:74,(anonymous_4)
FN:99,(anonymous_5)
FNF:6
FNH:1
FNDA:24,(anonymous_0)
FNDA:0,(anonymous_1)
FNDA:0,(anonymous_2)
FNDA:0,(anonymous_3)
FNDA:0,(anonymous_4)
FNDA:0,(anonymous_5)
DA:14,24
DA:15,24
DA:16,24
DA:20,0
DA:22,0
DA:23,0
DA:27,0
DA:29,0
DA:31,0
DA:33,0
DA:35,0
DA:37,0
DA:38,0
DA:39,0
DA:44,0
DA:45,0
DA:47,0
DA:48,0
DA:49,0
DA:51,0
DA:52,0
DA:53,0
DA:56,0
DA:59,0
DA:60,0
DA:62,0
DA:65,0
DA:69,0
DA:71,0
DA:75,0
DA:76,0
DA:78,0
DA:79,0
DA:80,0
DA:82,0
DA:83,0
DA:84,0
DA:87,0
DA:88,0
DA:90,0
DA:94,0
DA:96,0
DA:100,0
DA:101,0
DA:103,0
DA:104,0
DA:105,0
DA:107,0
DA:108,0
DA:109,0
DA:112,0
DA:115,0
DA:116,0
DA:121,0
DA:125,0
DA:129,0
DA:132,0
LF:57
LH:3
BRDA:29,0,0,0
BRDA:29,0,1,0
BRDA:29,0,2,0
BRDA:29,0,3,0
BRDA:51,1,0,0
BRDA:51,1,1,0
BRDA:59,2,0,0
BRDA:59,2,1,0
BRDA:60,3,0,0
BRDA:60,3,1,0
BRDA:62,4,0,0
BRDA:62,4,1,0
BRDA:65,5,0,0
BRDA:65,5,1,0
BRDA:82,6,0,0
BRDA:82,6,1,0
BRDA:90,7,0,0
BRDA:90,7,1,0
BRDA:99,8,0,0
BRDA:107,9,0,0
BRDA:107,9,1,0
BRDA:115,10,0,0
BRDA:115,10,1,0
BRDA:117,11,0,0
BRDA:117,11,1,0
BRDA:122,12,0,0
BRDA:122,12,1,0
BRDA:125,13,0,0
BRDA:125,13,1,0
BRF:29
BRH:0
end_of_record
TN:
SF:src/constants/index.js
FNF:0
FNH:0
DA:1,2
DA:2,2
DA:3,2
DA:4,2
DA:5,2
DA:6,2
DA:7,2
DA:8,2
DA:9,2
DA:10,2
DA:11,2
DA:12,2
DA:13,2
DA:14,2
DA:15,2
DA:16,2
LF:16
LH:16
BRF:0
BRH:0
end_of_record
TN:
SF:src/streams/index.js
FN:4,(anonymous_0)
FNF:1
FNH:1
FNDA:3,(anonymous_0)
DA:4,2
DA:5,3
DA:7,3
DA:8,24
DA:9,24
DA:10,24
DA:13,3
LF:7
LH:7
BRF:0
BRH:0
end_of_record
TN:
SF:src/utils/index.js
FN:3,(anonymous_0)
FN:7,(anonymous_1)
FN:17,(anonymous_2)
FN:27,(anonymous_3)
FN:33,(anonymous_4)
FN:34,(anonymous_5)
FNF:6
FNH:5
FNDA:0,(anonymous_0)
FNDA:52,(anonymous_1)
FNDA:28,(anonymous_2)
FNDA:29,(anonymous_3)
FNDA:10,(anonymous_4)
FNDA:44,(anonymous_5)
DA:3,2
DA:4,0
DA:7,2
DA:8,52
DA:9,24
DA:10,28
DA:11,16
DA:13,12
DA:17,2
DA:18,28
DA:19,13
DA:20,15
DA:21,6
DA:22,9
DA:23,9
DA:27,2
DA:28,29
DA:29,28
DA:33,2
DA:34,44
DA:35,10
DA:37,10
DA:38,7
DA:41,3
DA:42,1
DA:43,1
LF:26
LH:25
BRDA:8,0,0,24
BRDA:8,0,1,28
BRDA:8,1,0,52
BRDA:8,1,1,24
BRDA:10,2,0,16
BRDA:10,2,1,12
BRDA:10,3,0,28
BRDA:10,3,1,16
BRDA:18,4,0,13
BRDA:18,4,1,15
BRDA:20,5,0,6
BRDA:20,5,1,9
BRDA:20,6,0,15
BRDA:20,6,1,6
BRDA:22,7,0,9
BRDA:22,7,1,0
BRDA:28,8,0,28
BRDA:28,8,1,1
BRDA:28,9,0,29
BRDA:28,9,1,7
BRDA:28,9,2,7
BRDA:34,10,0,44
BRDA:34,10,1,35
BRDA:35,11,0,8
BRDA:35,11,1,2
BRDA:37,12,0,7
BRDA:37,12,1,3
BRDA:37,13,0,10
BRDA:37,13,1,8
BRDA:37,14,0,10
BRDA:37,14,1,4
BRDA:41,15,0,1
BRDA:41,15,1,2
BRF:33
BRH:32
end_of_record
